[     168ms] [LOG] ✅ KAIROS v650v5.0: Base Estable Congelada @ https://kairos-eng-714ee.web.app/:28
[     168ms] [LOG] 📍 KAIROS: Purging legacy cache and refreshing to v650.5.0 @ https://kairos-eng-714ee.web.app/:29
[     689ms] [WARNING] cdn.tailwindcss.com should not be used in production. To use Tailwind CSS in production, install it as a PostCSS plugin or use the Tailwind CLI: https://tailwindcss.com/docs/installation @ https://cdn.tailwindcss.com/?plugins=forms,container-queries:63
[    1661ms] [LOG] [KAIROS SHADOW] interpreter_engine.js v0.5.2 (Final Normalization) LOADED @ https://kairos-eng-714ee.web.app/interpreter_engine.js?v=650.5.74:1714
[    1661ms] [LOG] [KAIROS] matrix_engine.js v0.3.0 - BASE SERIES 800 CONNECTED. @ https://kairos-eng-714ee.web.app/matrix_engine.js?v=650.5.34:133
[    1662ms] [LOG] [KAIROS] NATAL RENDERER LOADED ✅ {version: 6.14U-final, ts: 1777633212392} @ https://kairos-eng-714ee.web.app/natal_panel_renderer.js?v=650.5.34:31
[    1663ms] [LOG] [KAIROS] natal_panel_renderer.js v1.0 — window.renderNatalPanel registrado ✅ @ https://kairos-eng-714ee.web.app/natal_panel_renderer.js?v=650.5.34:650
[    1663ms] [LOG] ✅ KAIROS v2: Architecture Consolidated (Profection | Transits | Identity) @ https://kairos-eng-714ee.web.app/chart_650_v2.js?v=650.5.34:107
[    1665ms] [LOG] 📍 KAIROS: SwissEph Wrapper instantiated and assigned to window.swisseph_native @ https://kairos-eng-714ee.web.app/:411
[    1665ms] [LOG] 🔎 INITIALIZING KAIROS SHELL REBUILD (v50.1.7 UNBLOCK PROACTIVE)... @ https://kairos-eng-714ee.web.app/engine_v483_final.js?v=650.5.74:3515
[    1665ms] [LOG] 🚀 KAIROS PHASE 1: INIT APP START @ https://kairos-eng-714ee.web.app/engine_v483_final.js?v=650.5.74:449
[    1665ms] [LOG] 🔭 KAIROS Calibration: Astronomy loaded: true @ https://kairos-eng-714ee.web.app/engine_v483_final.js?v=650.5.74:469
[    1665ms] [LOG] 🔭 KAIROS Calibration: Luxon loaded: true @ https://kairos-eng-714ee.web.app/engine_v483_final.js?v=650.5.74:470
[    1665ms] [LOG] 🔭 KAIROS Calibration: Firebase loaded: true @ https://kairos-eng-714ee.web.app/engine_v483_final.js?v=650.5.74:471
[    1665ms] [LOG] ✅ KAIROS: Engineering engine fully operational. @ https://kairos-eng-714ee.web.app/engine_v483_final.js?v=650.5.74:478
[    1665ms] [LOG] [BOOT] 🔭 Refrescando Tránsitos Actuales... @ https://kairos-eng-714ee.web.app/engine_v483_final.js?v=650.5.74:483
[    1665ms] [LOG] [KAIROS TRANSIT ENGINE] ⚙️ SYNCING WITH UNIVERSE... @ https://kairos-eng-714ee.web.app/transit_engine.js?v=650.5.34:49
[    1665ms] [LOG] [KAIROS TRANSIT ENGINE] Time Context: 2026-05-01T11:00:12.396Z @ https://kairos-eng-714ee.web.app/transit_engine.js?v=650.5.34:50
[    1665ms] [LOG] [KAIROS TRANSIT ENGINE] Using High-Precision Engine (SwissEph) @ https://kairos-eng-714ee.web.app/transit_engine.js?v=650.5.34:55
[    1666ms] [LOG] ⚙️ KAIROS LAB: Iniciando inicialización del motor... @ https://kairos-eng-714ee.web.app/planetary_engine.js?v=650.5.34:118
[    1666ms] [LOG] STEP 3: before initSwissEph @ https://kairos-eng-714ee.web.app/planetary_engine.js?v=650.5.34:121
[    1666ms] [LOG] 🛠️ SwissEph: Preparing WASM module configuration... @ https://kairos-eng-714ee.web.app/kairos-core/wasm/swisseph_wrapper.js:323
[    1666ms] [LOG] 🛠️ SwissEph: Calling WasmSwissEph(moduleConfig)... @ https://kairos-eng-714ee.web.app/kairos-core/wasm/swisseph_wrapper.js:356
[    1667ms] [LOG] Bitácora: Resolving swisseph.data to https://kairos-eng-714ee.web.app/kairos-core/wasm/swisseph.data @ https://kairos-eng-714ee.web.app/kairos-core/wasm/swisseph_wrapper.js:349
[    1668ms] [LOG] Bitácora: Resolving swisseph.wasm to https://kairos-eng-714ee.web.app/kairos-core/wasm/swisseph.wasm @ https://kairos-eng-714ee.web.app/kairos-core/wasm/swisseph_wrapper.js:349
[    1855ms] [LOG] 🛠️ SwissEph: WasmSwissEph resolved SUCCESSFULLY. @ https://kairos-eng-714ee.web.app/kairos-core/wasm/swisseph_wrapper.js:359
[    1857ms] [LOG] %c[KAIROS] Swiss Ephemeris WASM loaded successfully color: #00ff00; font-weight: bold; @ https://kairos-eng-714ee.web.app/planetary_engine.js?v=650.5.34:125
[    1857ms] [LOG] STEP 4: after initSwissEph (SUCCESS) @ https://kairos-eng-714ee.web.app/planetary_engine.js?v=650.5.34:126
[    1857ms] [LOG] STEP 5: before preload ephemeris @ https://kairos-eng-714ee.web.app/planetary_engine.js?v=650.5.34:136
[    1857ms] [LOG] 📂 KAIROS LAB: Iniciando precarga en VFS... @ https://kairos-eng-714ee.web.app/planetary_engine.js?v=650.5.34:41
[    1857ms] [LOG] 📂 KAIROS LAB: FS detectado correctamente. @ https://kairos-eng-714ee.web.app/planetary_engine.js?v=650.5.34:53
[    1857ms] [LOG] 📁 KAIROS LAB: Directorio /ephe creado/verificado. @ https://kairos-eng-714ee.web.app/planetary_engine.js?v=650.5.34:58
[    1857ms] [LOG] 📡 KAIROS LAB: Fetching sepl_18.se1 desde https://kairos-eng-714ee.web.app/ephe/sepl_18.se1... @ https://kairos-eng-714ee.web.app/planetary_engine.js?v=650.5.34:69
[    1899ms] [LOG] ✔️ KAIROS LAB: sepl_18.se1 escrito en VFS (484055 bytes). @ https://kairos-eng-714ee.web.app/planetary_engine.js?v=650.5.34:82
[    1899ms] [LOG] 📡 KAIROS LAB: Fetching semo_18.se1 desde https://kairos-eng-714ee.web.app/ephe/semo_18.se1... @ https://kairos-eng-714ee.web.app/planetary_engine.js?v=650.5.34:69
[    1957ms] [LOG] ✔️ KAIROS LAB: semo_18.se1 escrito en VFS (1304771 bytes). @ https://kairos-eng-714ee.web.app/planetary_engine.js?v=650.5.34:82
[    1957ms] [LOG] 📡 KAIROS LAB: Fetching seas_18.se1 desde https://kairos-eng-714ee.web.app/ephe/seas_18.se1... @ https://kairos-eng-714ee.web.app/planetary_engine.js?v=650.5.34:69
[    1996ms] [LOG] ✔️ KAIROS LAB: seas_18.se1 escrito en VFS (223002 bytes). @ https://kairos-eng-714ee.web.app/planetary_engine.js?v=650.5.34:82
[    1996ms] [LOG] STEP 6: after preload ephemeris (SUCCESS) @ https://kairos-eng-714ee.web.app/planetary_engine.js?v=650.5.34:139
[    1996ms] [LOG] 📂 KAIROS LAB: Configurando path de efemérides a /ephe @ https://kairos-eng-714ee.web.app/planetary_engine.js?v=650.5.34:147
[    1996ms] [LOG] 🔭 KAIROS LAB: Motor Planetario Validado y Listo. @ https://kairos-eng-714ee.web.app/planetary_engine.js?v=650.5.34:152
[    1996ms] [LOG] 
--- 🔭 MOTOR PLANETARIO KAIROS: Modo CANONICAL (IANA) --- @ https://kairos-eng-714ee.web.app/planetary_engine.js?v=650.5.34:175
[    2013ms] [LOG] [KAIROS TRANSIT ENGINE] body ok: Sol        | Tauro        | 41.09° @ https://kairos-eng-714ee.web.app/transit_engine.js?v=650.5.34:94
[    2013ms] [LOG] %c[KAIROS TRANSIT ENGINE] MOON TRUTH: Escorpio (218°) color: #00ff00; font-weight: bold; font-size: 14px; @ https://kairos-eng-714ee.web.app/transit_engine.js?v=650.5.34:92
[    2013ms] [LOG] [KAIROS TRANSIT ENGINE] body ok: Mercurio   | Aries        | 26.83° @ https://kairos-eng-714ee.web.app/transit_engine.js?v=650.5.34:94
[    2013ms] [LOG] [KAIROS TRANSIT ENGINE] body ok: Venus      | Géminis      | 68.84° @ https://kairos-eng-714ee.web.app/transit_engine.js?v=650.5.34:94
[    2013ms] [LOG] [KAIROS TRANSIT ENGINE] body ok: Marte      | Aries        | 16.72° @ https://kairos-eng-714ee.web.app/transit_engine.js?v=650.5.34:94
[    2013ms] [LOG] [KAIROS TRANSIT ENGINE] body ok: Júpiter    | Cáncer       | 108.98° @ https://kairos-eng-714ee.web.app/transit_engine.js?v=650.5.34:94
[    2013ms] [LOG] [KAIROS TRANSIT ENGINE] body ok: Saturno    | Aries        | 9.20° @ https://kairos-eng-714ee.web.app/transit_engine.js?v=650.5.34:94
[    2013ms] [LOG] [KAIROS TRANSIT ENGINE] body ok: Urano      | Géminis      | 60.30° @ https://kairos-eng-714ee.web.app/transit_engine.js?v=650.5.34:94
[    2013ms] [LOG] [KAIROS TRANSIT ENGINE] body ok: Neptuno    | Aries        | 3.27° @ https://kairos-eng-714ee.web.app/transit_engine.js?v=650.5.34:94
[    2013ms] [LOG] [KAIROS TRANSIT ENGINE] body ok: Plutón     | Acuario      | 305.50° @ https://kairos-eng-714ee.web.app/transit_engine.js?v=650.5.34:94
[    2013ms] [LOG] 🔭 Sistema KAIROS: Efemérides (Product Suite) sincronizadas: {Sol: Tauro, SOL: Object, Luna: Escorpio, LUNA: Object, Mercurio: Aries} @ https://kairos-eng-714ee.web.app/engine_v483_final.js?v=650.5.74:418
[    2013ms] [LOG] [BOOT] ✅ Tránsitos OK. @ https://kairos-eng-714ee.web.app/engine_v483_final.js?v=650.5.74:489
[    2013ms] [LOG] 🚀 KAIROS PHASE 2: INITIALIZING FIREBASE SERVICES @ https://kairos-eng-714ee.web.app/engine_v483_final.js?v=650.5.74:499
[    2025ms] [LOG] ✅ KAIROS: PERSISTENCE SET OK (LOCAL) @ https://kairos-eng-714ee.web.app/engine_v483_final.js?v=650.5.74:506
[    2025ms] [LOG] ✅ KAIROS: Google Auth Provider instanciado correctamente. @ https://kairos-eng-714ee.web.app/engine_v483_final.js?v=650.5.74:511
[    2025ms] [LOG] 🚀 KAIROS PHASE 3: REDIRECT RESULT CHECK START @ https://kairos-eng-714ee.web.app/engine_v483_final.js?v=650.5.74:516
[    2025ms] [LOG] 🚀 KAIROS PHASE 3 (EMPTY): REDIRECT RESULT EMPTY (No pending login). @ https://kairos-eng-714ee.web.app/engine_v483_final.js?v=650.5.74:521
[    2025ms] [LOG] 🚀 KAIROS PHASE 4: AUTH CURRENT USER (Immediate): null @ https://kairos-eng-714ee.web.app/engine_v483_final.js?v=650.5.74:525
[    2025ms] [LOG] 🚀 KAIROS PHASE 5: ON AUTH STATE CHANGED: NULL (No Session) @ https://kairos-eng-714ee.web.app/engine_v483_final.js?v=650.5.74:548
[    2025ms] [LOG] [BOOT] 🔒 No hay sesión activa. Mostrando acceso via showView('auth'). @ https://kairos-eng-714ee.web.app/engine_v483_final.js?v=650.5.74:748
[    2025ms] [LOG] 🔭 KAIROS Shell: Requesting view change to auth @ https://kairos-eng-714ee.web.app/engine_v483_final.js?v=650.5.74:1224
[    2025ms] [LOG] 🔭 KAIROS Navigation: Forcing dynamic render for auth @ https://kairos-eng-714ee.web.app/engine_v483_final.js?v=650.5.74:1237
[    2127ms] [VERBOSE] [DOM] Password field is not contained in a form: (More info: https://goo.gl/9p2vKq) %o @ https://kairos-eng-714ee.web.app/:0
[   82628ms] [WARNING] 🚨 KAIROS: Entrando en modo BYPASS (Invitado) por fallo de conexión. @ https://kairos-eng-714ee.web.app/engine_v483_final.js?v=650.5.74:783
[   82628ms] [LOG] 🔭 KAIROS Shell: Requesting view change to main @ https://kairos-eng-714ee.web.app/engine_v483_final.js?v=650.5.74:1224
[   82628ms] [LOG] 🔭 KAIROS Navigation: Entering dashboard, default to annual @ https://kairos-eng-714ee.web.app/engine_v483_final.js?v=650.5.74:1268
[   82628ms] [LOG] 📑 setTab START (v650v4.0): annual @ https://kairos-eng-714ee.web.app/engine_v483_final.js?v=650.5.74:1666
[   82628ms] [LOG] 🚀 Calling renderTabContent for annual @ https://kairos-eng-714ee.web.app/engine_v483_final.js?v=650.5.74:1705
[   82629ms] [LOG] 🚀 renderTabContent (v49 Rebuild): Rendering for annual @ https://kairos-eng-714ee.web.app/engine_v483_final.js?v=650.5.74:1786
[   82629ms] [LOG] [KAIROS CONTEXT SOURCE] REAL @ https://kairos-eng-714ee.web.app/engine_v483_final.js?v=650.5.74:1778
[   82629ms] [LOG] [KAIROS CONTEXT SOURCE] {mode: USUARIO_REAL, totalShadowContext_keys: Array(0), natal_context: Object, planets_keys: Array(0), asc: no encontrado} @ https://kairos-eng-714ee.web.app/engine_v483_final.js?v=650.5.74:1817
[   82629ms] [LOG] 📊 Render Input Data: {tabId: annual, lang: es, age: 33, asc: Aries, name: Explorador} @ https://kairos-eng-714ee.web.app/engine_v483_final.js?v=650.5.74:1903
[   82630ms] [LOG] [KAIROS SHADOW DAILY] 📥 Contexto Recibido: {user_context: Object, natal_context: Object, annual_context: Object, temporal_context: Object, transit_context: Object} @ https://kairos-eng-714ee.web.app/interpreter_engine.js?v=650.5.74:509
[   82631ms] [LOG] 📥 Injecting HTML into content. Length: 11213 @ https://kairos-eng-714ee.web.app/engine_v483_final.js?v=650.5.74:3269
[   82631ms] [LOG] 🎨 Rendering dashboard zodiac... @ https://kairos-eng-714ee.web.app/engine_v483_final.js?v=650.5.74:3281
[   82631ms] [LOG] 🏁 END renderTabContent @ https://kairos-eng-714ee.web.app/engine_v483_final.js?v=650.5.74:3315
[   82636ms] [LOG] ✅ setTab: renderTabContent completed. VISIBILITY CHECK: {rect: 496x487} @ https://kairos-eng-714ee.web.app/engine_v483_final.js?v=650.5.74:1708
[   82672ms] [LOG] 📍 KAIROS: Scroll reset focus applied to top. @ https://kairos-eng-714ee.web.app/engine_v483_final.js?v=650.5.74:3276
[   82903ms] [LOG] 🎨 KAIROS: Narrativa Anual (Refined Structure) Renderizada. @ https://kairos-eng-714ee.web.app/engine_v483_final.js?v=650.5.74:3566
[  279788ms] [LOG] 📑 setTab START (v650v4.0): daily @ https://kairos-eng-714ee.web.app/engine_v483_final.js?v=650.5.74:1666
[  279788ms] [LOG] 🚀 Calling renderTabContent for daily @ https://kairos-eng-714ee.web.app/engine_v483_final.js?v=650.5.74:1705
[  279788ms] [LOG] 🚀 renderTabContent (v49 Rebuild): Rendering for daily @ https://kairos-eng-714ee.web.app/engine_v483_final.js?v=650.5.74:1786
[  279788ms] [LOG] [KAIROS CONTEXT SOURCE] {mode: USUARIO_REAL, totalShadowContext_keys: Array(6), natal_context: Object, planets_keys: Array(0), asc: Aries} @ https://kairos-eng-714ee.web.app/engine_v483_final.js?v=650.5.74:1817
[  279789ms] [LOG] 📊 Render Input Data: {tabId: daily, lang: es, age: 33, asc: Aries, name: Explorador} @ https://kairos-eng-714ee.web.app/engine_v483_final.js?v=650.5.74:1903
[  279790ms] [LOG] [KAIROS TRANSIT ENGINE] ⚙️ SYNCING WITH UNIVERSE... @ https://kairos-eng-714ee.web.app/transit_engine.js?v=650.5.34:49
[  279790ms] [LOG] [KAIROS TRANSIT ENGINE] Time Context: 2026-05-01T11:04:50.521Z @ https://kairos-eng-714ee.web.app/transit_engine.js?v=650.5.34:50
[  279790ms] [LOG] [KAIROS TRANSIT ENGINE] Using High-Precision Engine (SwissEph) @ https://kairos-eng-714ee.web.app/transit_engine.js?v=650.5.34:55
[  279794ms] [LOG] [KAIROS TRANSIT ENGINE] body ok: Sol        | Tauro        | 41.09° @ https://kairos-eng-714ee.web.app/transit_engine.js?v=650.5.34:94
[  279794ms] [LOG] %c[KAIROS TRANSIT ENGINE] MOON TRUTH: Escorpio (218°) color: #00ff00; font-weight: bold; font-size: 14px; @ https://kairos-eng-714ee.web.app/transit_engine.js?v=650.5.34:92
[  279794ms] [LOG] [KAIROS TRANSIT ENGINE] body ok: Mercurio   | Aries        | 26.84° @ https://kairos-eng-714ee.web.app/transit_engine.js?v=650.5.34:94
[  279794ms] [LOG] [KAIROS TRANSIT ENGINE] body ok: Venus      | Géminis      | 68.85° @ https://kairos-eng-714ee.web.app/transit_engine.js?v=650.5.34:94
[  279794ms] [LOG] [KAIROS TRANSIT ENGINE] body ok: Marte      | Aries        | 16.73° @ https://kairos-eng-714ee.web.app/transit_engine.js?v=650.5.34:94
[  279794ms] [LOG] [KAIROS TRANSIT ENGINE] body ok: Júpiter    | Cáncer       | 108.98° @ https://kairos-eng-714ee.web.app/transit_engine.js?v=650.5.34:94
[  279794ms] [LOG] [KAIROS TRANSIT ENGINE] body ok: Saturno    | Aries        | 9.20° @ https://kairos-eng-714ee.web.app/transit_engine.js?v=650.5.34:94
[  279795ms] [LOG] [KAIROS TRANSIT ENGINE] body ok: Urano      | Géminis      | 60.30° @ https://kairos-eng-714ee.web.app/transit_engine.js?v=650.5.34:94
[  279795ms] [LOG] [KAIROS TRANSIT ENGINE] body ok: Neptuno    | Aries        | 3.27° @ https://kairos-eng-714ee.web.app/transit_engine.js?v=650.5.34:94
[  279795ms] [LOG] [KAIROS TRANSIT ENGINE] body ok: Plutón     | Acuario      | 305.50° @ https://kairos-eng-714ee.web.app/transit_engine.js?v=650.5.34:94
[  279795ms] [LOG] 🔭 Sistema KAIROS: Efemérides (Product Suite) sincronizadas: {Sol: Tauro, SOL: Object, Luna: Escorpio, LUNA: Object, Mercurio: Aries} @ https://kairos-eng-714ee.web.app/engine_v483_final.js?v=650.5.74:418
[  279795ms] [LOG] [KAIROS TRANSIT ENGINE] ⚙️ SYNCING WITH UNIVERSE... @ https://kairos-eng-714ee.web.app/transit_engine.js?v=650.5.34:49
[  279795ms] [LOG] [KAIROS TRANSIT ENGINE] Time Context: 2026-05-01T11:04:50.525Z @ https://kairos-eng-714ee.web.app/transit_engine.js?v=650.5.34:50
[  279795ms] [LOG] [KAIROS TRANSIT ENGINE] Using High-Precision Engine (SwissEph) @ https://kairos-eng-714ee.web.app/transit_engine.js?v=650.5.34:55
[  279796ms] [LOG] 📥 Injecting HTML into content. Length: 6924 @ https://kairos-eng-714ee.web.app/engine_v483_final.js?v=650.5.74:3269
[  279797ms] [LOG] 🏁 END renderTabContent @ https://kairos-eng-714ee.web.app/engine_v483_final.js?v=650.5.74:3315
[  279798ms] [LOG] [KAIROS TRANSIT ENGINE] body ok: Sol        | Tauro        | 41.09° @ https://kairos-eng-714ee.web.app/transit_engine.js?v=650.5.34:94
[  279798ms] [LOG] %c[KAIROS TRANSIT ENGINE] MOON TRUTH: Escorpio (218°) color: #00ff00; font-weight: bold; font-size: 14px; @ https://kairos-eng-714ee.web.app/transit_engine.js?v=650.5.34:92
[  279798ms] [LOG] [KAIROS TRANSIT ENGINE] body ok: Mercurio   | Aries        | 26.84° @ https://kairos-eng-714ee.web.app/transit_engine.js?v=650.5.34:94
[  279798ms] [LOG] [KAIROS TRANSIT ENGINE] body ok: Venus      | Géminis      | 68.85° @ https://kairos-eng-714ee.web.app/transit_engine.js?v=650.5.34:94
[  279798ms] [LOG] [KAIROS TRANSIT ENGINE] body ok: Marte      | Aries        | 16.73° @ https://kairos-eng-714ee.web.app/transit_engine.js?v=650.5.34:94
[  279798ms] [LOG] [KAIROS TRANSIT ENGINE] body ok: Júpiter    | Cáncer       | 108.98° @ https://kairos-eng-714ee.web.app/transit_engine.js?v=650.5.34:94
[  279798ms] [LOG] [KAIROS TRANSIT ENGINE] body ok: Saturno    | Aries        | 9.20° @ https://kairos-eng-714ee.web.app/transit_engine.js?v=650.5.34:94
[  279798ms] [LOG] [KAIROS TRANSIT ENGINE] body ok: Urano      | Géminis      | 60.30° @ https://kairos-eng-714ee.web.app/transit_engine.js?v=650.5.34:94
[  279798ms] [LOG] [KAIROS TRANSIT ENGINE] body ok: Neptuno    | Aries        | 3.27° @ https://kairos-eng-714ee.web.app/transit_engine.js?v=650.5.34:94
[  279798ms] [LOG] [KAIROS TRANSIT ENGINE] body ok: Plutón     | Acuario      | 305.50° @ https://kairos-eng-714ee.web.app/transit_engine.js?v=650.5.34:94
[  279802ms] [LOG] ✅ setTab: renderTabContent completed. VISIBILITY CHECK: {rect: 496x487} @ https://kairos-eng-714ee.web.app/engine_v483_final.js?v=650.5.74:1708
[  279805ms] [LOG] [KAIROS SHADOW DAILY] 📥 Contexto Recibido: {user_context: Object, natal_context: Object, annual_context: Object, temporal_context: Object, transit_context: Object} @ https://kairos-eng-714ee.web.app/interpreter_engine.js?v=650.5.74:509
[  279821ms] [LOG] 📍 KAIROS: Scroll reset focus applied to top. @ https://kairos-eng-714ee.web.app/engine_v483_final.js?v=650.5.74:3276
[  280006ms] [LOG] \n========================================== @ https://kairos-eng-714ee.web.app/interpreter_engine.js?v=650.5.74:670
[  280006ms] [LOG] 📊 KAIROS DIAGNOSTIC: MÓDULO 'HOY' @ https://kairos-eng-714ee.web.app/interpreter_engine.js?v=650.5.74:671
[  280006ms] [LOG] ------------------------------------------ @ https://kairos-eng-714ee.web.app/interpreter_engine.js?v=650.5.74:672
[  280006ms] [LOG] 1. AUDITORÍA DE DOCUMENTOS: @ https://kairos-eng-714ee.web.app/interpreter_engine.js?v=650.5.74:673
[  280006ms] [LOG]    ➤ Pedidos:  [405_lecturas_diarias, 305_luna_en_transito_por_signo, 250_planeta_del_dia, 270_senor_del_ano, 230_fases_lunares, 303_senor_del_ano_por_planeta, 220_significado_casas, 308_cruces_planeta_dia_senor_del_ano] @ https://kairos-eng-714ee.web.app/interpreter_engine.js?v=650.5.74:674
[  280006ms] [LOG]    ✅ Cargados: [270_senor_del_ano, 303_senor_del_ano_por_planeta, 220_significado_casas, 405_lecturas_diarias, 305_luna_en_transito_por_signo, 250_planeta_del_dia, 230_fases_lunares, 308_cruces_planeta_dia_senor_del_ano] @ https://kairos-eng-714ee.web.app/interpreter_engine.js?v=650.5.74:676
[  280006ms] [LOG]    ❌ No encontrados: Gota limpia. @ https://kairos-eng-714ee.web.app/interpreter_engine.js?v=650.5.74:678
[  280006ms] [LOG]    ⏱️  Latencia: 201.00ms @ https://kairos-eng-714ee.web.app/interpreter_engine.js?v=650.5.74:679
[  280006ms] [LOG] ------------------------------------------ @ https://kairos-eng-714ee.web.app/interpreter_engine.js?v=650.5.74:680
[  280006ms] [LOG] 2. FUENTE POR BLOQUE: @ https://kairos-eng-714ee.web.app/interpreter_engine.js?v=650.5.74:784
[  280006ms] [LOG]    🔸 PULSO (Luna en Escorpio): FIRESTORE (305_luna_en_transito_por_signo) @ https://kairos-eng-714ee.web.app/interpreter_engine.js?v=650.5.74:785
[  280006ms] [LOG]    🔸 MATIZ (Día de Venus): FALLBACK (Llave 'Venus' faltante en 250_planeta_del_dia) @ https://kairos-eng-714ee.web.app/interpreter_engine.js?v=650.5.74:786
[  280006ms] [LOG]    🔸 ESCENARIO (Casa 10): FIRESTORE (220_significado_casas) @ https://kairos-eng-714ee.web.app/interpreter_engine.js?v=650.5.74:787
[  280006ms] [LOG]    🔸 CLIMA ANUAL (Saturno): FIRESTORE (303_senor_del_ano_por_planeta) @ https://kairos-eng-714ee.web.app/interpreter_engine.js?v=650.5.74:788
[  280006ms] [LOG]    🔸 FASE LUNAR (Nueva): FALLBACK (Llave 'Nueva' faltante en 230_fases_lunares) @ https://kairos-eng-714ee.web.app/interpreter_engine.js?v=650.5.74:789
[  280006ms] [LOG] ------------------------------------------ @ https://kairos-eng-714ee.web.app/interpreter_engine.js?v=650.5.74:790
[  280007ms] [LOG] 🎨 KAIROS: Narrativa Diaria Renderizada. @ https://kairos-eng-714ee.web.app/engine_v483_final.js?v=650.5.74:4095
[  531291ms] [LOG] 📑 setTab START (v650v4.0): annual @ https://kairos-eng-714ee.web.app/engine_v483_final.js?v=650.5.74:1666
[  531291ms] [LOG] 🚀 Calling renderTabContent for annual @ https://kairos-eng-714ee.web.app/engine_v483_final.js?v=650.5.74:1705
[  531291ms] [LOG] 🚀 renderTabContent (v49 Rebuild): Rendering for annual @ https://kairos-eng-714ee.web.app/engine_v483_final.js?v=650.5.74:1786
[  531291ms] [LOG] [KAIROS CONTEXT SOURCE] {mode: USUARIO_REAL, totalShadowContext_keys: Array(6), natal_context: Object, planets_keys: Array(0), asc: Aries} @ https://kairos-eng-714ee.web.app/engine_v483_final.js?v=650.5.74:1817
[  531292ms] [LOG] 📊 Render Input Data: {tabId: annual, lang: es, age: 33, asc: Aries, name: Explorador} @ https://kairos-eng-714ee.web.app/engine_v483_final.js?v=650.5.74:1903
[  531294ms] [LOG] 📥 Injecting HTML into content. Length: 11213 @ https://kairos-eng-714ee.web.app/engine_v483_final.js?v=650.5.74:3269
[  531296ms] [LOG] 🎨 Rendering dashboard zodiac... @ https://kairos-eng-714ee.web.app/engine_v483_final.js?v=650.5.74:3281
[  531296ms] [LOG] 📄 KAIROS: Restaurando narrativa anual desde caché... @ https://kairos-eng-714ee.web.app/engine_v483_final.js?v=650.5.74:3287
[  531296ms] [LOG] 🎨 KAIROS: Narrativa Anual (Refined Structure) Renderizada. @ https://kairos-eng-714ee.web.app/engine_v483_final.js?v=650.5.74:3566
[  531296ms] [LOG] 🏁 END renderTabContent @ https://kairos-eng-714ee.web.app/engine_v483_final.js?v=650.5.74:3315
[  531309ms] [LOG] ✅ setTab: renderTabContent completed. VISIBILITY CHECK: {rect: 497.3333435058594x696.6666870117188} @ https://kairos-eng-714ee.web.app/engine_v483_final.js?v=650.5.74:1708
[  531315ms] [LOG] 📍 KAIROS: Scroll reset focus applied to top. @ https://kairos-eng-714ee.web.app/engine_v483_final.js?v=650.5.74:3276
[  539533ms] [LOG] 📑 setTab START (v650v4.0): daily @ https://kairos-eng-714ee.web.app/engine_v483_final.js?v=650.5.74:1666
[  539534ms] [LOG] 🚀 Calling renderTabContent for daily @ https://kairos-eng-714ee.web.app/engine_v483_final.js?v=650.5.74:1705
[  539534ms] [LOG] 🚀 renderTabContent (v49 Rebuild): Rendering for daily @ https://kairos-eng-714ee.web.app/engine_v483_final.js?v=650.5.74:1786
[  539534ms] [LOG] [KAIROS CONTEXT SOURCE] {mode: USUARIO_REAL, totalShadowContext_keys: Array(6), natal_context: Object, planets_keys: Array(0), asc: Aries} @ https://kairos-eng-714ee.web.app/engine_v483_final.js?v=650.5.74:1817
[  539534ms] [LOG] 📊 Render Input Data: {tabId: daily, lang: es, age: 33, asc: Aries, name: Explorador} @ https://kairos-eng-714ee.web.app/engine_v483_final.js?v=650.5.74:1903
[  539537ms] [LOG] [KAIROS TRANSIT ENGINE] ⚙️ SYNCING WITH UNIVERSE... @ https://kairos-eng-714ee.web.app/transit_engine.js?v=650.5.34:49
[  539537ms] [LOG] [KAIROS TRANSIT ENGINE] Time Context: 2026-05-01T11:09:10.268Z @ https://kairos-eng-714ee.web.app/transit_engine.js?v=650.5.34:50
[  539537ms] [LOG] [KAIROS TRANSIT ENGINE] Using High-Precision Engine (SwissEph) @ https://kairos-eng-714ee.web.app/transit_engine.js?v=650.5.34:55
[  539555ms] [LOG] [KAIROS TRANSIT ENGINE] body ok: Sol        | Tauro        | 41.10° @ https://kairos-eng-714ee.web.app/transit_engine.js?v=650.5.34:94
[  539555ms] [LOG] %c[KAIROS TRANSIT ENGINE] MOON TRUTH: Escorpio (218°) color: #00ff00; font-weight: bold; font-size: 14px; @ https://kairos-eng-714ee.web.app/transit_engine.js?v=650.5.34:92
[  539555ms] [LOG] [KAIROS TRANSIT ENGINE] body ok: Mercurio   | Aries        | 26.84° @ https://kairos-eng-714ee.web.app/transit_engine.js?v=650.5.34:94
[  539555ms] [LOG] [KAIROS TRANSIT ENGINE] body ok: Venus      | Géminis      | 68.85° @ https://kairos-eng-714ee.web.app/transit_engine.js?v=650.5.34:94
[  539556ms] [LOG] [KAIROS TRANSIT ENGINE] body ok: Marte      | Aries        | 16.73° @ https://kairos-eng-714ee.web.app/transit_engine.js?v=650.5.34:94
[  539556ms] [LOG] [KAIROS TRANSIT ENGINE] body ok: Júpiter    | Cáncer       | 108.98° @ https://kairos-eng-714ee.web.app/transit_engine.js?v=650.5.34:94
[  539556ms] [LOG] [KAIROS TRANSIT ENGINE] body ok: Saturno    | Aries        | 9.20° @ https://kairos-eng-714ee.web.app/transit_engine.js?v=650.5.34:94
[  539556ms] [LOG] [KAIROS TRANSIT ENGINE] body ok: Urano      | Géminis      | 60.30° @ https://kairos-eng-714ee.web.app/transit_engine.js?v=650.5.34:94
[  539556ms] [LOG] [KAIROS TRANSIT ENGINE] body ok: Neptuno    | Aries        | 3.27° @ https://kairos-eng-714ee.web.app/transit_engine.js?v=650.5.34:94
[  539556ms] [LOG] [KAIROS TRANSIT ENGINE] body ok: Plutón     | Acuario      | 305.50° @ https://kairos-eng-714ee.web.app/transit_engine.js?v=650.5.34:94
[  539556ms] [LOG] 🔭 Sistema KAIROS: Efemérides (Product Suite) sincronizadas: {Sol: Tauro, SOL: Object, Luna: Escorpio, LUNA: Object, Mercurio: Aries} @ https://kairos-eng-714ee.web.app/engine_v483_final.js?v=650.5.74:418
[  539556ms] [LOG] 🎨 KAIROS: Narrativa Diaria Renderizada. @ https://kairos-eng-714ee.web.app/engine_v483_final.js?v=650.5.74:4095
[  539556ms] [LOG] 📥 Injecting HTML into content. Length: 6924 @ https://kairos-eng-714ee.web.app/engine_v483_final.js?v=650.5.74:3269
[  539557ms] [LOG] 🏁 END renderTabContent @ https://kairos-eng-714ee.web.app/engine_v483_final.js?v=650.5.74:3315
[  539561ms] [LOG] ✅ setTab: renderTabContent completed. VISIBILITY CHECK: {rect: 497.3333435058594x696.6666870117188} @ https://kairos-eng-714ee.web.app/engine_v483_final.js?v=650.5.74:1708
[  539568ms] [LOG] 📍 KAIROS: Scroll reset focus applied to top. @ https://kairos-eng-714ee.web.app/engine_v483_final.js?v=650.5.74:3276
[  543559ms] [LOG] ✅ KAIROS v650v5.0: Base Estable Congelada @ https://kairos-eng-714ee.web.app/:28
[  543559ms] [LOG] 📍 KAIROS: Purging legacy cache and refreshing to v650.5.0 @ https://kairos-eng-714ee.web.app/:29
[  543584ms] [WARNING] cdn.tailwindcss.com should not be used in production. To use Tailwind CSS in production, install it as a PostCSS plugin or use the Tailwind CLI: https://tailwindcss.com/docs/installation @ https://cdn.tailwindcss.com/?plugins=forms,container-queries:63
[  543919ms] [WARNING] cdn.tailwindcss.com should not be used in production. To use Tailwind CSS in production, install it as a PostCSS plugin or use the Tailwind CLI: https://tailwindcss.com/docs/installation @ https://cdn.tailwindcss.com/?plugins=forms,container-queries:63
[  544270ms] [LOG] [KAIROS SHADOW] interpreter_engine.js v0.5.2 (Final Normalization) LOADED @ https://kairos-eng-714ee.web.app/interpreter_engine.js?v=650.5.74:1714
[  544271ms] [LOG] [KAIROS] matrix_engine.js v0.3.0 - BASE SERIES 800 CONNECTED. @ https://kairos-eng-714ee.web.app/matrix_engine.js?v=650.5.34:133
[  544272ms] [LOG] [KAIROS] NATAL RENDERER LOADED ✅ {version: 6.14U-final, ts: 1777633755002} @ https://kairos-eng-714ee.web.app/natal_panel_renderer.js?v=650.5.34:31
[  544272ms] [LOG] [KAIROS] natal_panel_renderer.js v1.0 — window.renderNatalPanel registrado ✅ @ https://kairos-eng-714ee.web.app/natal_panel_renderer.js?v=650.5.34:650
[  544273ms] [LOG] ✅ KAIROS v2: Architecture Consolidated (Profection | Transits | Identity) @ https://kairos-eng-714ee.web.app/chart_650_v2.js?v=650.5.34:107
[  544278ms] [LOG] 📍 KAIROS: SwissEph Wrapper instantiated and assigned to window.swisseph_native @ https://kairos-eng-714ee.web.app/:411
[  544278ms] [LOG] 🔎 INITIALIZING KAIROS SHELL REBUILD (v50.1.7 UNBLOCK PROACTIVE)... @ https://kairos-eng-714ee.web.app/engine_v483_final.js?v=650.5.74:3515
[  544278ms] [LOG] 🚀 KAIROS PHASE 1: INIT APP START @ https://kairos-eng-714ee.web.app/engine_v483_final.js?v=650.5.74:449
[  544278ms] [LOG] 🔭 KAIROS Calibration: Astronomy loaded: true @ https://kairos-eng-714ee.web.app/engine_v483_final.js?v=650.5.74:469
[  544278ms] [LOG] 🔭 KAIROS Calibration: Luxon loaded: true @ https://kairos-eng-714ee.web.app/engine_v483_final.js?v=650.5.74:470
[  544278ms] [LOG] 🔭 KAIROS Calibration: Firebase loaded: true @ https://kairos-eng-714ee.web.app/engine_v483_final.js?v=650.5.74:471
[  544278ms] [LOG] ✅ KAIROS: Engineering engine fully operational. @ https://kairos-eng-714ee.web.app/engine_v483_final.js?v=650.5.74:478
[  544279ms] [LOG] [BOOT] 🔭 Refrescando Tránsitos Actuales... @ https://kairos-eng-714ee.web.app/engine_v483_final.js?v=650.5.74:483
[  544279ms] [LOG] [KAIROS TRANSIT ENGINE] ⚙️ SYNCING WITH UNIVERSE... @ https://kairos-eng-714ee.web.app/transit_engine.js?v=650.5.34:49
[  544279ms] [LOG] [KAIROS TRANSIT ENGINE] Time Context: 2026-05-01T11:09:15.009Z @ https://kairos-eng-714ee.web.app/transit_engine.js?v=650.5.34:50
[  544279ms] [LOG] [KAIROS TRANSIT ENGINE] Using High-Precision Engine (SwissEph) @ https://kairos-eng-714ee.web.app/transit_engine.js?v=650.5.34:55
[  544279ms] [LOG] ⚙️ KAIROS LAB: Iniciando inicialización del motor... @ https://kairos-eng-714ee.web.app/planetary_engine.js?v=650.5.34:118
[  544279ms] [LOG] STEP 3: before initSwissEph @ https://kairos-eng-714ee.web.app/planetary_engine.js?v=650.5.34:121
[  544279ms] [LOG] 🛠️ SwissEph: Preparing WASM module configuration... @ https://kairos-eng-714ee.web.app/kairos-core/wasm/swisseph_wrapper.js:323
[  544279ms] [LOG] 🛠️ SwissEph: Calling WasmSwissEph(moduleConfig)... @ https://kairos-eng-714ee.web.app/kairos-core/wasm/swisseph_wrapper.js:356
[  544280ms] [LOG] Bitácora: Resolving swisseph.data to https://kairos-eng-714ee.web.app/kairos-core/wasm/swisseph.data @ https://kairos-eng-714ee.web.app/kairos-core/wasm/swisseph_wrapper.js:349
[  544281ms] [LOG] Bitácora: Resolving swisseph.wasm to https://kairos-eng-714ee.web.app/kairos-core/wasm/swisseph.wasm @ https://kairos-eng-714ee.web.app/kairos-core/wasm/swisseph_wrapper.js:349
[  544392ms] [LOG] 🛠️ SwissEph: WasmSwissEph resolved SUCCESSFULLY. @ https://kairos-eng-714ee.web.app/kairos-core/wasm/swisseph_wrapper.js:359
[  544394ms] [LOG] %c[KAIROS] Swiss Ephemeris WASM loaded successfully color: #00ff00; font-weight: bold; @ https://kairos-eng-714ee.web.app/planetary_engine.js?v=650.5.34:125
[  544394ms] [LOG] STEP 4: after initSwissEph (SUCCESS) @ https://kairos-eng-714ee.web.app/planetary_engine.js?v=650.5.34:126
[  544394ms] [LOG] STEP 5: before preload ephemeris @ https://kairos-eng-714ee.web.app/planetary_engine.js?v=650.5.34:136
[  544394ms] [LOG] 📂 KAIROS LAB: Iniciando precarga en VFS... @ https://kairos-eng-714ee.web.app/planetary_engine.js?v=650.5.34:41
[  544394ms] [LOG] 📂 KAIROS LAB: FS detectado correctamente. @ https://kairos-eng-714ee.web.app/planetary_engine.js?v=650.5.34:53
[  544394ms] [LOG] 📁 KAIROS LAB: Directorio /ephe creado/verificado. @ https://kairos-eng-714ee.web.app/planetary_engine.js?v=650.5.34:58
[  544394ms] [LOG] 📡 KAIROS LAB: Fetching sepl_18.se1 desde https://kairos-eng-714ee.web.app/ephe/sepl_18.se1... @ https://kairos-eng-714ee.web.app/planetary_engine.js?v=650.5.34:69
[  544403ms] [LOG] ✔️ KAIROS LAB: sepl_18.se1 escrito en VFS (484055 bytes). @ https://kairos-eng-714ee.web.app/planetary_engine.js?v=650.5.34:82
[  544404ms] [LOG] 📡 KAIROS LAB: Fetching semo_18.se1 desde https://kairos-eng-714ee.web.app/ephe/semo_18.se1... @ https://kairos-eng-714ee.web.app/planetary_engine.js?v=650.5.34:69
[  544427ms] [LOG] ✔️ KAIROS LAB: semo_18.se1 escrito en VFS (1304771 bytes). @ https://kairos-eng-714ee.web.app/planetary_engine.js?v=650.5.34:82
[  544427ms] [LOG] 📡 KAIROS LAB: Fetching seas_18.se1 desde https://kairos-eng-714ee.web.app/ephe/seas_18.se1... @ https://kairos-eng-714ee.web.app/planetary_engine.js?v=650.5.34:69
[  544432ms] [LOG] ✔️ KAIROS LAB: seas_18.se1 escrito en VFS (223002 bytes). @ https://kairos-eng-714ee.web.app/planetary_engine.js?v=650.5.34:82
[  544432ms] [LOG] STEP 6: after preload ephemeris (SUCCESS) @ https://kairos-eng-714ee.web.app/planetary_engine.js?v=650.5.34:139
[  544432ms] [LOG] 📂 KAIROS LAB: Configurando path de efemérides a /ephe @ https://kairos-eng-714ee.web.app/planetary_engine.js?v=650.5.34:147
[  544432ms] [LOG] 🔭 KAIROS LAB: Motor Planetario Validado y Listo. @ https://kairos-eng-714ee.web.app/planetary_engine.js?v=650.5.34:152
[  544432ms] [LOG] 
--- 🔭 MOTOR PLANETARIO KAIROS: Modo CANONICAL (IANA) --- @ https://kairos-eng-714ee.web.app/planetary_engine.js?v=650.5.34:175
[  544434ms] [LOG] [KAIROS TRANSIT ENGINE] body ok: Sol        | Tauro        | 41.10° @ https://kairos-eng-714ee.web.app/transit_engine.js?v=650.5.34:94
[  544434ms] [LOG] %c[KAIROS TRANSIT ENGINE] MOON TRUTH: Escorpio (218°) color: #00ff00; font-weight: bold; font-size: 14px; @ https://kairos-eng-714ee.web.app/transit_engine.js?v=650.5.34:92
[  544434ms] [LOG] [KAIROS TRANSIT ENGINE] body ok: Mercurio   | Aries        | 26.84° @ https://kairos-eng-714ee.web.app/transit_engine.js?v=650.5.34:94
[  544434ms] [LOG] [KAIROS TRANSIT ENGINE] body ok: Venus      | Géminis      | 68.85° @ https://kairos-eng-714ee.web.app/transit_engine.js?v=650.5.34:94
[  544434ms] [LOG] [KAIROS TRANSIT ENGINE] body ok: Marte      | Aries        | 16.73° @ https://kairos-eng-714ee.web.app/transit_engine.js?v=650.5.34:94
[  544434ms] [LOG] [KAIROS TRANSIT ENGINE] body ok: Júpiter    | Cáncer       | 108.98° @ https://kairos-eng-714ee.web.app/transit_engine.js?v=650.5.34:94
[  544434ms] [LOG] [KAIROS TRANSIT ENGINE] body ok: Saturno    | Aries        | 9.20° @ https://kairos-eng-714ee.web.app/transit_engine.js?v=650.5.34:94
[  544434ms] [LOG] [KAIROS TRANSIT ENGINE] body ok: Urano      | Géminis      | 60.30° @ https://kairos-eng-714ee.web.app/transit_engine.js?v=650.5.34:94
[  544434ms] [LOG] [KAIROS TRANSIT ENGINE] body ok: Neptuno    | Aries        | 3.27° @ https://kairos-eng-714ee.web.app/transit_engine.js?v=650.5.34:94
[  544434ms] [LOG] [KAIROS TRANSIT ENGINE] body ok: Plutón     | Acuario      | 305.50° @ https://kairos-eng-714ee.web.app/transit_engine.js?v=650.5.34:94
[  544434ms] [LOG] 🔭 Sistema KAIROS: Efemérides (Product Suite) sincronizadas: {Sol: Tauro, SOL: Object, Luna: Escorpio, LUNA: Object, Mercurio: Aries} @ https://kairos-eng-714ee.web.app/engine_v483_final.js?v=650.5.74:418
[  544434ms] [LOG] [BOOT] ✅ Tránsitos OK. @ https://kairos-eng-714ee.web.app/engine_v483_final.js?v=650.5.74:489
[  544434ms] [LOG] 🚀 KAIROS PHASE 2: INITIALIZING FIREBASE SERVICES @ https://kairos-eng-714ee.web.app/engine_v483_final.js?v=650.5.74:499
[  544436ms] [LOG] ✅ KAIROS: PERSISTENCE SET OK (LOCAL) @ https://kairos-eng-714ee.web.app/engine_v483_final.js?v=650.5.74:506
[  544436ms] [LOG] ✅ KAIROS: Google Auth Provider instanciado correctamente. @ https://kairos-eng-714ee.web.app/engine_v483_final.js?v=650.5.74:511
[  544436ms] [LOG] 🚀 KAIROS PHASE 3: REDIRECT RESULT CHECK START @ https://kairos-eng-714ee.web.app/engine_v483_final.js?v=650.5.74:516
[  544436ms] [LOG] 🚀 KAIROS PHASE 3 (EMPTY): REDIRECT RESULT EMPTY (No pending login). @ https://kairos-eng-714ee.web.app/engine_v483_final.js?v=650.5.74:521
[  544436ms] [LOG] 🚀 KAIROS PHASE 4: AUTH CURRENT USER (Immediate): null @ https://kairos-eng-714ee.web.app/engine_v483_final.js?v=650.5.74:525
[  544437ms] [LOG] 🚀 KAIROS PHASE 5: ON AUTH STATE CHANGED: NULL (No Session) @ https://kairos-eng-714ee.web.app/engine_v483_final.js?v=650.5.74:548
[  544437ms] [LOG] [BOOT] 🔒 No hay sesión activa. Mostrando acceso via showView('auth'). @ https://kairos-eng-714ee.web.app/engine_v483_final.js?v=650.5.74:748
[  544437ms] [LOG] 🔭 KAIROS Shell: Requesting view change to auth @ https://kairos-eng-714ee.web.app/engine_v483_final.js?v=650.5.74:1224
[  544437ms] [LOG] 🔭 KAIROS Navigation: Forcing dynamic render for auth @ https://kairos-eng-714ee.web.app/engine_v483_final.js?v=650.5.74:1237
[  544539ms] [VERBOSE] [DOM] Password field is not contained in a form: (More info: https://goo.gl/9p2vKq) %o @ https://kairos-eng-714ee.web.app/:0
[  547441ms] [WARNING] 🚨 KAIROS: Entrando en modo BYPASS (Invitado) por fallo de conexión. @ https://kairos-eng-714ee.web.app/engine_v483_final.js?v=650.5.74:783
[  547441ms] [LOG] 🔭 KAIROS Shell: Requesting view change to main @ https://kairos-eng-714ee.web.app/engine_v483_final.js?v=650.5.74:1224
[  547441ms] [LOG] 🔭 KAIROS Navigation: Entering dashboard, default to annual @ https://kairos-eng-714ee.web.app/engine_v483_final.js?v=650.5.74:1268
[  547442ms] [LOG] 📑 setTab START (v650v4.0): annual @ https://kairos-eng-714ee.web.app/engine_v483_final.js?v=650.5.74:1666
[  547442ms] [LOG] 🚀 Calling renderTabContent for annual @ https://kairos-eng-714ee.web.app/engine_v483_final.js?v=650.5.74:1705
[  547445ms] [LOG] 🚀 renderTabContent (v49 Rebuild): Rendering for annual @ https://kairos-eng-714ee.web.app/engine_v483_final.js?v=650.5.74:1786
[  547445ms] [LOG] [KAIROS CONTEXT SOURCE] REAL @ https://kairos-eng-714ee.web.app/engine_v483_final.js?v=650.5.74:1778
[  547445ms] [LOG] [KAIROS CONTEXT SOURCE] {mode: USUARIO_REAL, totalShadowContext_keys: Array(0), natal_context: Object, planets_keys: Array(0), asc: no encontrado} @ https://kairos-eng-714ee.web.app/engine_v483_final.js?v=650.5.74:1817
[  547445ms] [LOG] 📊 Render Input Data: {tabId: annual, lang: es, age: 33, asc: Aries, name: Explorador} @ https://kairos-eng-714ee.web.app/engine_v483_final.js?v=650.5.74:1903
[  547447ms] [LOG] [KAIROS SHADOW DAILY] 📥 Contexto Recibido: {user_context: Object, natal_context: Object, annual_context: Object, temporal_context: Object, transit_context: Object} @ https://kairos-eng-714ee.web.app/interpreter_engine.js?v=650.5.74:509
[  547449ms] [LOG] 📥 Injecting HTML into content. Length: 11213 @ https://kairos-eng-714ee.web.app/engine_v483_final.js?v=650.5.74:3269
[  547451ms] [LOG] 🎨 Rendering dashboard zodiac... @ https://kairos-eng-714ee.web.app/engine_v483_final.js?v=650.5.74:3281
[  547452ms] [LOG] 🏁 END renderTabContent @ https://kairos-eng-714ee.web.app/engine_v483_final.js?v=650.5.74:3315
[  547461ms] [LOG] ✅ setTab: renderTabContent completed. VISIBILITY CHECK: {rect: 497.3333435058594x696.6666870117188} @ https://kairos-eng-714ee.web.app/engine_v483_final.js?v=650.5.74:1708
[  547493ms] [LOG] 📍 KAIROS: Scroll reset focus applied to top. @ https://kairos-eng-714ee.web.app/engine_v483_final.js?v=650.5.74:3276
[  547692ms] [LOG] 🎨 KAIROS: Narrativa Anual (Refined Structure) Renderizada. @ https://kairos-eng-714ee.web.app/engine_v483_final.js?v=650.5.74:3566
[  551526ms] [LOG] 📑 setTab START (v650v4.0): daily @ https://kairos-eng-714ee.web.app/engine_v483_final.js?v=650.5.74:1666
[  551527ms] [LOG] 🚀 Calling renderTabContent for daily @ https://kairos-eng-714ee.web.app/engine_v483_final.js?v=650.5.74:1705
[  551527ms] [LOG] 🚀 renderTabContent (v49 Rebuild): Rendering for daily @ https://kairos-eng-714ee.web.app/engine_v483_final.js?v=650.5.74:1786
[  551527ms] [LOG] [KAIROS CONTEXT SOURCE] {mode: USUARIO_REAL, totalShadowContext_keys: Array(6), natal_context: Object, planets_keys: Array(0), asc: Aries} @ https://kairos-eng-714ee.web.app/engine_v483_final.js?v=650.5.74:1817
[  551527ms] [LOG] 📊 Render Input Data: {tabId: daily, lang: es, age: 33, asc: Aries, name: Explorador} @ https://kairos-eng-714ee.web.app/engine_v483_final.js?v=650.5.74:1903
[  551528ms] [LOG] [KAIROS TRANSIT ENGINE] ⚙️ SYNCING WITH UNIVERSE... @ https://kairos-eng-714ee.web.app/transit_engine.js?v=650.5.34:49
[  551528ms] [LOG] [KAIROS TRANSIT ENGINE] Time Context: 2026-05-01T11:09:22.258Z @ https://kairos-eng-714ee.web.app/transit_engine.js?v=650.5.34:50
[  551528ms] [LOG] [KAIROS TRANSIT ENGINE] Using High-Precision Engine (SwissEph) @ https://kairos-eng-714ee.web.app/transit_engine.js?v=650.5.34:55
[  551530ms] [LOG] [KAIROS TRANSIT ENGINE] body ok: Sol        | Tauro        | 41.10° @ https://kairos-eng-714ee.web.app/transit_engine.js?v=650.5.34:94
[  551530ms] [LOG] %c[KAIROS TRANSIT ENGINE] MOON TRUTH: Escorpio (218°) color: #00ff00; font-weight: bold; font-size: 14px; @ https://kairos-eng-714ee.web.app/transit_engine.js?v=650.5.34:92
[  551530ms] [LOG] [KAIROS TRANSIT ENGINE] body ok: Mercurio   | Aries        | 26.84° @ https://kairos-eng-714ee.web.app/transit_engine.js?v=650.5.34:94
[  551530ms] [LOG] [KAIROS TRANSIT ENGINE] body ok: Venus      | Géminis      | 68.85° @ https://kairos-eng-714ee.web.app/transit_engine.js?v=650.5.34:94
[  551530ms] [LOG] [KAIROS TRANSIT ENGINE] body ok: Marte      | Aries        | 16.73° @ https://kairos-eng-714ee.web.app/transit_engine.js?v=650.5.34:94
[  551530ms] [LOG] [KAIROS TRANSIT ENGINE] body ok: Júpiter    | Cáncer       | 108.98° @ https://kairos-eng-714ee.web.app/transit_engine.js?v=650.5.34:94
[  551530ms] [LOG] [KAIROS TRANSIT ENGINE] body ok: Saturno    | Aries        | 9.20° @ https://kairos-eng-714ee.web.app/transit_engine.js?v=650.5.34:94
[  551530ms] [LOG] [KAIROS TRANSIT ENGINE] body ok: Urano      | Géminis      | 60.30° @ https://kairos-eng-714ee.web.app/transit_engine.js?v=650.5.34:94
[  551530ms] [LOG] [KAIROS TRANSIT ENGINE] body ok: Neptuno    | Aries        | 3.27° @ https://kairos-eng-714ee.web.app/transit_engine.js?v=650.5.34:94
[  551530ms] [LOG] [KAIROS TRANSIT ENGINE] body ok: Plutón     | Acuario      | 305.50° @ https://kairos-eng-714ee.web.app/transit_engine.js?v=650.5.34:94
[  551530ms] [LOG] 🔭 Sistema KAIROS: Efemérides (Product Suite) sincronizadas: {Sol: Tauro, SOL: Object, Luna: Escorpio, LUNA: Object, Mercurio: Aries} @ https://kairos-eng-714ee.web.app/engine_v483_final.js?v=650.5.74:418
[  551531ms] [LOG] [KAIROS TRANSIT ENGINE] ⚙️ SYNCING WITH UNIVERSE... @ https://kairos-eng-714ee.web.app/transit_engine.js?v=650.5.34:49
[  551531ms] [LOG] [KAIROS TRANSIT ENGINE] Time Context: 2026-05-01T11:09:22.261Z @ https://kairos-eng-714ee.web.app/transit_engine.js?v=650.5.34:50
[  551531ms] [LOG] [KAIROS TRANSIT ENGINE] Using High-Precision Engine (SwissEph) @ https://kairos-eng-714ee.web.app/transit_engine.js?v=650.5.34:55
[  551533ms] [LOG] 📥 Injecting HTML into content. Length: 6924 @ https://kairos-eng-714ee.web.app/engine_v483_final.js?v=650.5.74:3269
[  551534ms] [LOG] 🏁 END renderTabContent @ https://kairos-eng-714ee.web.app/engine_v483_final.js?v=650.5.74:3315
[  551534ms] [LOG] [KAIROS TRANSIT ENGINE] body ok: Sol        | Tauro        | 41.10° @ https://kairos-eng-714ee.web.app/transit_engine.js?v=650.5.34:94
[  551534ms] [LOG] %c[KAIROS TRANSIT ENGINE] MOON TRUTH: Escorpio (218°) color: #00ff00; font-weight: bold; font-size: 14px; @ https://kairos-eng-714ee.web.app/transit_engine.js?v=650.5.34:92
[  551535ms] [LOG] [KAIROS TRANSIT ENGINE] body ok: Mercurio   | Aries        | 26.84° @ https://kairos-eng-714ee.web.app/transit_engine.js?v=650.5.34:94
[  551535ms] [LOG] [KAIROS TRANSIT ENGINE] body ok: Venus      | Géminis      | 68.85° @ https://kairos-eng-714ee.web.app/transit_engine.js?v=650.5.34:94
[  551535ms] [LOG] [KAIROS TRANSIT ENGINE] body ok: Marte      | Aries        | 16.73° @ https://kairos-eng-714ee.web.app/transit_engine.js?v=650.5.34:94
[  551535ms] [LOG] [KAIROS TRANSIT ENGINE] body ok: Júpiter    | Cáncer       | 108.98° @ https://kairos-eng-714ee.web.app/transit_engine.js?v=650.5.34:94
[  551535ms] [LOG] [KAIROS TRANSIT ENGINE] body ok: Saturno    | Aries        | 9.20° @ https://kairos-eng-714ee.web.app/transit_engine.js?v=650.5.34:94
[  551535ms] [LOG] [KAIROS TRANSIT ENGINE] body ok: Urano      | Géminis      | 60.30° @ https://kairos-eng-714ee.web.app/transit_engine.js?v=650.5.34:94
[  551535ms] [LOG] [KAIROS TRANSIT ENGINE] body ok: Neptuno    | Aries        | 3.27° @ https://kairos-eng-714ee.web.app/transit_engine.js?v=650.5.34:94
[  551535ms] [LOG] [KAIROS TRANSIT ENGINE] body ok: Plutón     | Acuario      | 305.50° @ https://kairos-eng-714ee.web.app/transit_engine.js?v=650.5.34:94
[  551540ms] [LOG] ✅ setTab: renderTabContent completed. VISIBILITY CHECK: {rect: 497.3333435058594x696.6666870117188} @ https://kairos-eng-714ee.web.app/engine_v483_final.js?v=650.5.74:1708
[  551544ms] [LOG] [KAIROS SHADOW DAILY] 📥 Contexto Recibido: {user_context: Object, natal_context: Object, annual_context: Object, temporal_context: Object, transit_context: Object} @ https://kairos-eng-714ee.web.app/interpreter_engine.js?v=650.5.74:509
[  551564ms] [LOG] 📍 KAIROS: Scroll reset focus applied to top. @ https://kairos-eng-714ee.web.app/engine_v483_final.js?v=650.5.74:3276
[  551609ms] [LOG] \n========================================== @ https://kairos-eng-714ee.web.app/interpreter_engine.js?v=650.5.74:670
[  551610ms] [LOG] 📊 KAIROS DIAGNOSTIC: MÓDULO 'HOY' @ https://kairos-eng-714ee.web.app/interpreter_engine.js?v=650.5.74:671
[  551610ms] [LOG] ------------------------------------------ @ https://kairos-eng-714ee.web.app/interpreter_engine.js?v=650.5.74:672
[  551610ms] [LOG] 1. AUDITORÍA DE DOCUMENTOS: @ https://kairos-eng-714ee.web.app/interpreter_engine.js?v=650.5.74:673
[  551610ms] [LOG]    ➤ Pedidos:  [405_lecturas_diarias, 305_luna_en_transito_por_signo, 250_planeta_del_dia, 270_senor_del_ano, 230_fases_lunares, 303_senor_del_ano_por_planeta, 220_significado_casas, 308_cruces_planeta_dia_senor_del_ano] @ https://kairos-eng-714ee.web.app/interpreter_engine.js?v=650.5.74:674
[  551610ms] [LOG]    ✅ Cargados: [270_senor_del_ano, 303_senor_del_ano_por_planeta, 220_significado_casas, 405_lecturas_diarias, 305_luna_en_transito_por_signo, 250_planeta_del_dia, 230_fases_lunares, 308_cruces_planeta_dia_senor_del_ano] @ https://kairos-eng-714ee.web.app/interpreter_engine.js?v=650.5.74:676
[  551610ms] [LOG]    ❌ No encontrados: Gota limpia. @ https://kairos-eng-714ee.web.app/interpreter_engine.js?v=650.5.74:678
[  551610ms] [LOG]    ⏱️  Latencia: 65.30ms @ https://kairos-eng-714ee.web.app/interpreter_engine.js?v=650.5.74:679
[  551610ms] [LOG] ------------------------------------------ @ https://kairos-eng-714ee.web.app/interpreter_engine.js?v=650.5.74:680
[  551610ms] [LOG] 2. FUENTE POR BLOQUE: @ https://kairos-eng-714ee.web.app/interpreter_engine.js?v=650.5.74:784
[  551610ms] [LOG]    🔸 PULSO (Luna en Escorpio): FIRESTORE (305_luna_en_transito_por_signo) @ https://kairos-eng-714ee.web.app/interpreter_engine.js?v=650.5.74:785
[  551610ms] [LOG]    🔸 MATIZ (Día de Venus): FALLBACK (Llave 'Venus' faltante en 250_planeta_del_dia) @ https://kairos-eng-714ee.web.app/interpreter_engine.js?v=650.5.74:786
[  551610ms] [LOG]    🔸 ESCENARIO (Casa 10): FIRESTORE (220_significado_casas) @ https://kairos-eng-714ee.web.app/interpreter_engine.js?v=650.5.74:787
[  551610ms] [LOG]    🔸 CLIMA ANUAL (Saturno): FIRESTORE (303_senor_del_ano_por_planeta) @ https://kairos-eng-714ee.web.app/interpreter_engine.js?v=650.5.74:788
[  551610ms] [LOG]    🔸 FASE LUNAR (Nueva): FALLBACK (Llave 'Nueva' faltante en 230_fases_lunares) @ https://kairos-eng-714ee.web.app/interpreter_engine.js?v=650.5.74:789
[  551610ms] [LOG] ------------------------------------------ @ https://kairos-eng-714ee.web.app/interpreter_engine.js?v=650.5.74:790
[  551611ms] [LOG] 🎨 KAIROS: Narrativa Diaria Renderizada. @ https://kairos-eng-714ee.web.app/engine_v483_final.js?v=650.5.74:4095
[  567397ms] [LOG] 📑 setTab START (v650v4.0): weekly @ https://kairos-eng-714ee.web.app/engine_v483_final.js?v=650.5.74:1666
[  567398ms] [LOG] 🚀 Calling renderTabContent for weekly @ https://kairos-eng-714ee.web.app/engine_v483_final.js?v=650.5.74:1705
[  567398ms] [LOG] 🚀 renderTabContent (v49 Rebuild): Rendering for weekly @ https://kairos-eng-714ee.web.app/engine_v483_final.js?v=650.5.74:1786
[  567398ms] [LOG] [KAIROS CONTEXT SOURCE] {mode: USUARIO_REAL, totalShadowContext_keys: Array(6), natal_context: Object, planets_keys: Array(0), asc: Aries} @ https://kairos-eng-714ee.web.app/engine_v483_final.js?v=650.5.74:1817
[  567398ms] [LOG] 📊 Render Input Data: {tabId: weekly, lang: es, age: 33, asc: Aries, name: Explorador} @ https://kairos-eng-714ee.web.app/engine_v483_final.js?v=650.5.74:1903
[  567403ms] [LOG] 📥 Injecting HTML into content. Length: 9136 @ https://kairos-eng-714ee.web.app/engine_v483_final.js?v=650.5.74:3269
[  567405ms] [LOG] 🏁 END renderTabContent @ https://kairos-eng-714ee.web.app/engine_v483_final.js?v=650.5.74:3315
[  567418ms] [LOG] ✅ setTab: renderTabContent completed. VISIBILITY CHECK: {rect: 497.3333435058594x696.6666870117188} @ https://kairos-eng-714ee.web.app/engine_v483_final.js?v=650.5.74:1708
[  567442ms] [LOG] [KAIROS SHADOW DAILY] 📥 Contexto Recibido: {user_context: Object, natal_context: Object, annual_context: Object, temporal_context: Object, transit_context: Object} @ https://kairos-eng-714ee.web.app/interpreter_engine.js?v=650.5.74:509
[  567443ms] [LOG] [KAIROS] generateWeeklyReading: modo locked v0.2 activo. @ https://kairos-eng-714ee.web.app/interpreter_engine.js?v=650.5.74:1050
[  567444ms] [LOG] %c[KAIROS] SEMANA MODULE LOCKED v0.2 color: #a78bfa; font-weight: bold; @ https://kairos-eng-714ee.web.app/engine_v483_final.js?v=650.5.74:3577
[  567444ms] [LOG] %c[KAIROS RENDER] Building Weekly Narrative v0.2... color: #00ff00; font-weight: bold; @ https://kairos-eng-714ee.web.app/engine_v483_final.js?v=650.5.74:3578
[  567445ms] [LOG] [KAIROS WEEKLY] ✅ Narrativa Semanal v0.2 renderizada. @ https://kairos-eng-714ee.web.app/engine_v483_final.js?v=650.5.74:3735
[  567478ms] [LOG] 📍 KAIROS: Scroll reset focus applied to top. @ https://kairos-eng-714ee.web.app/engine_v483_final.js?v=650.5.74:3276
